<?xml version="1.0" encoding="UTF-8"?>
<!-- Generated by org.testng.reporters.JUnitXMLReporter -->
<testsuite ignored="0" hostname="DESKTOP-KS3OAII" failures="0" tests="4" name="Default test" time="71.125" errors="0" timestamp="2023-10-22T08:34:03 PDT">
  <testcase classname="test.ClientTest" name="verifyAddClient" time="16.227"/>
  <testcase classname="test.ClientTest" name="verifySearchClient" time="5.858"/>
  <testcase classname="test.ClientTest" name="verifyEditClient" time="7.099"/>
  <testcase classname="test.ClientTest" name="verifyDeleteClient" time="6.217"/>
</testsuite> <!-- Default test -->
