<?xml version="1.0" encoding="UTF-8"?>
<!-- Generated by org.testng.reporters.JUnitXMLReporter -->
<testsuite ignored="0" hostname="DESKTOP-KS3OAII" failures="0" tests="9" name="Test" time="217.435" errors="0" timestamp="2023-11-01T21:41:46 PDT">
  <testcase classname="test.LoginTest" name="f" time="3.749"/>
  <testcase classname="test.NoteTest" name="verifyAddNote" time="8.809"/>
  <testcase classname="test.NoteTest" name="verifySearchNote" time="7.332"/>
  <testcase classname="test.NoteTest" name="verifyEditNote" time="8.508"/>
  <testcase classname="test.NoteTest" name="verifyDeleteNote" time="7.951"/>
  <testcase classname="test.ClientTest" name="verifyAddClient" time="15.274"/>
  <testcase classname="test.ClientTest" name="verifySearchClient" time="6.312"/>
  <testcase classname="test.ClientTest" name="verifyEditClient" time="7.697"/>
  <testcase classname="test.ClientTest" name="verifyDeleteClient" time="8.002"/>
</testsuite> <!-- Test -->
